<?xml version="1.0" encoding="UTF-8"?>
<!-- Generated by org.testng.reporters.JUnitReportReporter -->
<testsuite hostname="DESKTOP-FF8BLIG" failures="0" tests="2" name="cucumber.TestNGTestRunner" time="12.999" errors="0" timestamp="2024-07-09T11:32:04 IST" skipped="0">
  <testcase classname="cucumber.TestNGTestRunner" name="runScenario" time="5.644"/>
  <testcase classname="cucumber.TestNGTestRunner" name="runScenario" time="7.355"/>
</testsuite> <!-- cucumber.TestNGTestRunner -->
