<?xml version="1.0" encoding="UTF-8"?>
<!-- Generated by org.testng.reporters.JUnitReportReporter -->
<testsuite hostname="DESKTOP-FF8BLIG" failures="0" tests="2" name="ankitsolanki.Tests.SubmitOrderTest" time="16.525" errors="0" timestamp="2024-07-04T11:22:27 IST" skipped="0">
  <testcase classname="ankitsolanki.Tests.SubmitOrderTest" name="submitOrder" time="8.301"/>
  <testcase classname="ankitsolanki.Tests.SubmitOrderTest" name="submitOrder" time="8.224"/>
</testsuite> <!-- ankitsolanki.Tests.SubmitOrderTest -->
