<?xml version="1.0" encoding="UTF-8"?>
<!-- Generated by org.testng.reporters.JUnitReportReporter -->
<testsuite hostname="DESKTOP-FF8BLIG" failures="0" tests="2" name="ankitsolanki.Tests.ErrorValidations" time="10.204" errors="0" timestamp="2024-06-25T11:20:09 IST" skipped="0">
  <testcase classname="ankitsolanki.Tests.ErrorValidations" name="LoginErrorValidation" time="4.919"/>
  <testcase classname="ankitsolanki.Tests.ErrorValidations" name="ProductErrorValidation" time="5.285"/>
</testsuite> <!-- ankitsolanki.Tests.ErrorValidations -->
