<?xml version="1.0" encoding="UTF-8"?>
<!-- Generated by org.testng.reporters.JUnitReportReporter -->
<testsuite hostname="DESKTOP-FF8BLIG" failures="0" tests="2" name="ankitsolanki.Tests.ErrorValidationsTest" time="19.296" errors="0" timestamp="2024-11-25T17:53:30 IST" skipped="0">
  <testcase classname="ankitsolanki.Tests.ErrorValidationsTest" name="LoginErrorValidation" time="8.002"/>
  <testcase classname="ankitsolanki.Tests.ErrorValidationsTest" name="ProductErrorValidation" time="11.294"/>
</testsuite> <!-- ankitsolanki.Tests.ErrorValidationsTest -->
